<?xml version="1.0" encoding="UTF-8"?>
<testsuite name="co.com.instagram.runners.InstagramRunner" tests="0" skipped="0" failures="0" errors="0" timestamp="1970-01-01T00:00:00" hostname="DESKTOP-7MNG5Q6" time="0.0">
  <properties/>
  <system-out><![CDATA[
1 Scenarios (?[32m1 passed?[0m)
3 Steps (?[32m3 passed?[0m)
0m17,283s


]]></system-out>
  <system-err><![CDATA[[Test worker] INFO io.cucumber.core.plugin.SerenityReporter - Running feature from file:///C:/Users/ADMIN/IdeaProjects/Instagram/src/test/resources/features/instagram.feature
[Test worker] WARN io.cucumber.core.plugin.SerenityReporter - Feature from file:///C:/Users/ADMIN/IdeaProjects/Instagram/src/test/resources/features/instagram.feature is not under the 'features' directory. Requirements report will not be correctly generated!
[Test worker] INFO  - ?[96m

-------------------------------------------------------------------------------------
     _______. _______ .______       _______ .__   __.  __  .___________.____    ____ 
    /       ||   ____||   _  \     |   ____||  \ |  | |  | |           |\   \  /   / 
   |   (----`|  |__   |  |_)  |    |  |__   |   \|  | |  | `---|  |----` \   \/   /  
    \   \    |   __|  |      /     |   __|  |  . `  | |  |     |  |       \_    _/   
.----)   |   |  |____ |  |\  \----.|  |____ |  |\   | |  |     |  |         |  |     
|_______/    |_______|| _| `._____||_______||__| \__| |__|     |__|         |__|    
                                                                                     
 News and tutorials at http://www.serenity-bdd.info                                  
 Documentation at https://wakaleo.gitbooks.io/the-serenity-book/content/             
 Join the Serenity Community on Gitter: https://gitter.im/serenity-bdd/serenity-core 
 Serenity BDD Support and Training at http://serenity-bdd.info/#/trainingandsupport  
-------------------------------------------------------------------------------------
?[0m
[Test worker] INFO  - Test Suite Started: Login
[pool-1-thread-1] INFO net.thucydides.core.reports.ReportService - net.thucydides.core.reports.json.JSONTestOutcomeReporter@6de33fde: Generating report for test outcome: Login:enter the website
[pool-2-thread-1] INFO net.thucydides.core.reports.ReportService - net.thucydides.core.reports.html.HtmlAcceptanceTestReporter@3de45b6c: Generating report for test outcome: Login:enter the website
[pool-2-thread-1] INFO serenity.reporting - 
--------------------------------
| TEST NAME:   ?[1menter the website?[0m
| RESULT:      ?[92mPassing?[0m
| REQUIREMENT: Login
| REPORT:      ?[96mfile:///C:/Users/ADMIN/IdeaProjects/Instagram/target/site/serenity/c4ddf371b75c57cb0aacbb27804485c817bb1c67e87a3977727043923eb2b01f.html?[0m
--------------------------------
]]></system-err>
</testsuite>
